0 info it worked if it ends with ok
1 verbose cli [ 'node', '/usr/local/bin/npm', 'install', 'processing-js' ]
2 info using npm@2.1.14
3 info using node@v0.10.35
4 verbose node symlink /usr/local/bin/node
5 silly cache add args [ 'processing-js', null ]
6 verbose cache add spec processing-js
7 silly cache add parsed spec { raw: 'processing-js',
7 silly cache add   scope: null,
7 silly cache add   name: 'processing-js',
7 silly cache add   rawSpec: '',
7 silly cache add   spec: '*',
7 silly cache add   type: 'range' }
8 verbose addNamed processing-js@*
9 silly addNamed semver.valid null
10 silly addNamed semver.validRange *
11 silly addNameRange { name: 'processing-js', range: '*', hasData: false }
12 silly mapToRegistry name processing-js
13 silly mapToRegistry using default registry
14 silly mapToRegistry registry https://registry.npmjs.org/
15 silly mapToRegistry uri https://registry.npmjs.org/processing-js
16 verbose addNameRange registry:https://registry.npmjs.org/processing-js not in flight; fetching
17 verbose request uri https://registry.npmjs.org/processing-js
18 verbose request no auth needed
19 info attempt registry request try #1 at 23:52:20
20 verbose request id 5bc474797b8c6993
21 verbose etag "BJZJJIVGTNMUYJ81X4I92XIXA"
22 http request GET https://registry.npmjs.org/processing-js
23 http 304 https://registry.npmjs.org/processing-js
24 silly get cb [ 304,
24 silly get   { date: 'Tue, 03 Nov 2015 15:52:21 GMT',
24 silly get     via: '1.1 varnish',
24 silly get     'cache-control': 'max-age=60',
24 silly get     etag: '"BJZJJIVGTNMUYJ81X4I92XIXA"',
24 silly get     age: '25',
24 silly get     connection: 'keep-alive',
24 silly get     'x-served-by': 'cache-itm7422-ITM',
24 silly get     'x-cache': 'HIT',
24 silly get     'x-cache-hits': '1',
24 silly get     'x-timer': 'S1446565941.067687,VS0,VE0',
24 silly get     vary: 'Accept' } ]
25 verbose etag https://registry.npmjs.org/processing-js from cache
26 silly addNameRange number 2 { name: 'processing-js', range: '*', hasData: true }
27 silly addNameRange versions [ 'processing-js', [ '1.4.12', '1.4.13', '1.4.16' ] ]
28 verbose addNamed processing-js@1.4.16
29 silly addNamed semver.valid 1.4.16
30 silly addNamed semver.validRange 1.4.16
31 silly cache afterAdd processing-js@1.4.16
32 verbose afterAdd /Users/juude/.npm/processing-js/1.4.16/package/package.json not in flight; writing
33 verbose afterAdd /Users/juude/.npm/processing-js/1.4.16/package/package.json written
34 silly install resolved [ { name: 'processing-js',
34 silly install resolved     version: '1.4.16',
34 silly install resolved     author: { name: 'Processing.js' },
34 silly install resolved     repository:
34 silly install resolved      { type: 'git',
34 silly install resolved        url: 'git@github.com/processing-js/processing-js.git' },
34 silly install resolved     main: 'processing.min.js',
34 silly install resolved     bugs: { url: 'https://github.com/processing-js/processing-js/issues' },
34 silly install resolved     devDependencies:
34 silly install resolved      { argv: '~0.0.2',
34 silly install resolved        browserify: '^11.0.1',
34 silly install resolved        express: '~3.3.3',
34 silly install resolved        'node-minify': '~0.7.3',
34 silly install resolved        nunjucks: '~0.1.9',
34 silly install resolved        open: '0.0.3',
34 silly install resolved        grunt: '~0.4.1',
34 silly install resolved        'grunt-cli': '~0.1.8',
34 silly install resolved        'grunt-contrib-jshint': '~0.4.3' },
34 silly install resolved     scripts:
34 silly install resolved      { test: 'node test',
34 silly install resolved        start: 'browserify build.js -o processing.js && node minify' },
34 silly install resolved     license: 'MIT',
34 silly install resolved     gitHead: '36cb340029fbf83c4a2e921884e876d86578e32a',
34 silly install resolved     description: 'For the project website, visit http://processingjs.org',
34 silly install resolved     _id: 'processing-js@1.4.16',
34 silly install resolved     _shasum: 'cde70899906b224ff2129d84e5a3f70930b3e083',
34 silly install resolved     _from: 'processing-js@*',
34 silly install resolved     _npmVersion: '2.11.3',
34 silly install resolved     _nodeVersion: '0.12.7',
34 silly install resolved     _npmUser: { name: 'pomax', email: 'pomax@nihongoresources.com' },
34 silly install resolved     maintainers: [ [Object] ],
34 silly install resolved     dist:
34 silly install resolved      { shasum: 'cde70899906b224ff2129d84e5a3f70930b3e083',
34 silly install resolved        tarball: 'http://registry.npmjs.org/processing-js/-/processing-js-1.4.16.tgz' },
34 silly install resolved     directories: {},
34 silly install resolved     _resolved: 'https://registry.npmjs.org/processing-js/-/processing-js-1.4.16.tgz',
34 silly install resolved     readme: 'ERROR: No README data found!',
34 silly install resolved     homepage: 'https://github.com/processing-js/processing-js' } ]
35 info install processing-js@1.4.16 into /Users/juude/git/ProcessingJS
36 info installOne processing-js@1.4.16
37 verbose installOne of processing-js to /Users/juude/git/ProcessingJS not in flight; installing
38 warn locking Error: EACCES, open '/Users/juude/.npm/_locks/processing-js-f7f5fe97e72ad0ef.lock'
38 warn locking  /Users/juude/.npm/_locks/processing-js-f7f5fe97e72ad0ef.lock failed { [Error: EACCES, open '/Users/juude/.npm/_locks/processing-js-f7f5fe97e72ad0ef.lock']
38 warn locking   errno: 3,
38 warn locking   code: 'EACCES',
38 warn locking   path: '/Users/juude/.npm/_locks/processing-js-f7f5fe97e72ad0ef.lock' }
39 verbose stack Error: Attempt to unlock /Users/juude/git/ProcessingJS/node_modules/processing-js, which hasn't been locked
39 verbose stack     at unlock (/usr/local/lib/node_modules/npm/lib/utils/locker.js:66:11)
39 verbose stack     at cb (/usr/local/lib/node_modules/npm/lib/install.js:929:5)
39 verbose stack     at /usr/local/lib/node_modules/npm/lib/install.js:933:20
39 verbose stack     at /usr/local/lib/node_modules/npm/lib/utils/locker.js:40:9
39 verbose stack     at cb (/usr/local/lib/node_modules/npm/node_modules/lockfile/lockfile.js:149:38)
39 verbose stack     at /usr/local/lib/node_modules/npm/node_modules/lockfile/lockfile.js:177:38
39 verbose stack     at Object.oncomplete (fs.js:108:15)
40 verbose cwd /Users/juude/git/ProcessingJS
41 error Darwin 15.0.0
42 error argv "node" "/usr/local/bin/npm" "install" "processing-js"
43 error node v0.10.35
44 error npm  v2.1.14
45 error Attempt to unlock /Users/juude/git/ProcessingJS/node_modules/processing-js, which hasn't been locked
46 error If you need help, you may report this error at:
46 error     <http://github.com/npm/npm/issues>
47 verbose exit [ 1, true ]
